<?xml version="1.0" encoding="utf-8"?><testsuites name="pytest tests"><testsuite name="pytest" errors="0" failures="1" skipped="0" tests="26" time="18.069" timestamp="2026-04-23T01:58:20.408093+00:00" hostname="agent-env-a90663e3-9085-4e60-923d-e60a5d273b29"><testcase classname="backend.tests.backend_test.TestHealth" name="test_root" time="0.209" /><testcase classname="backend.tests.backend_test.TestAuth" name="test_register_new_student" time="0.412"><failure message="AssertionError: assert 'test_user_fd...ssjourney.app' == 'TEST_user_fd...ssjourney.app'&#10;  &#10;  - TEST_user_fdd2ec2e@chessjourney.app&#10;  ? ^^^^&#10;  + test_user_fdd2ec2e@chessjourney.app&#10;  ? ^^^^">backend/tests/backend_test.py:56: in test_register_new_student
    assert data["email"] == email
E   AssertionError: assert 'test_user_fd...ssjourney.app' == 'TEST_user_fd...ssjourney.app'
E     
E     - TEST_user_fdd2ec2e@chessjourney.app
E     ? ^^^^
E     + test_user_fdd2ec2e@chessjourney.app
E     ? ^^^^</failure></testcase><testcase classname="backend.tests.backend_test.TestAuth" name="test_register_duplicate_rejected" time="0.159" /><testcase classname="backend.tests.backend_test.TestAuth" name="test_login_invalid" time="0.340" /><testcase classname="backend.tests.backend_test.TestAuth" name="test_me_requires_auth" time="0.123" /><testcase classname="backend.tests.backend_test.TestAuth" name="test_login_student_and_me" time="0.455" /><testcase classname="backend.tests.backend_test.TestAuth" name="test_logout_clears_cookie" time="0.436" /><testcase classname="backend.tests.backend_test.TestAuth" name="test_link_student_parent_only" time="0.051" /><testcase classname="backend.tests.backend_test.TestAuth" name="test_link_student_by_parent" time="0.420" /><testcase classname="backend.tests.backend_test.TestContent" name="test_roadmap" time="0.154" /><testcase classname="backend.tests.backend_test.TestContent" name="test_puzzles_list" time="0.105" /><testcase classname="backend.tests.backend_test.TestContent" name="test_puzzle_motifs" time="0.111" /><testcase classname="backend.tests.backend_test.TestContent" name="test_puzzle_filter_fork" time="0.105" /><testcase classname="backend.tests.backend_test.TestContent" name="test_puzzle_by_id" time="0.217" /><testcase classname="backend.tests.backend_test.TestContent" name="test_lessons_list" time="0.112" /><testcase classname="backend.tests.backend_test.TestContent" name="test_lesson_by_id" time="0.237" /><testcase classname="backend.tests.backend_test.TestTraining" name="test_puzzle_attempt_solved_increases_rating" time="0.271" /><testcase classname="backend.tests.backend_test.TestTraining" name="test_puzzle_attempt_failed_decreases_rating" time="0.327" /><testcase classname="backend.tests.backend_test.TestTraining" name="test_lesson_complete_awards_xp" time="0.287" /><testcase classname="backend.tests.backend_test.TestTraining" name="test_daily_plan_structure" time="0.052" /><testcase classname="backend.tests.backend_test.TestTraining" name="test_daily_complete_updates_streak" time="0.051" /><testcase classname="backend.tests.backend_test.TestCoach" name="test_coach_chat" time="4.365" /><testcase classname="backend.tests.backend_test.TestCoach" name="test_coach_history" time="0.051" /><testcase classname="backend.tests.backend_test.TestCoach" name="test_analyze_game" time="8.576" /><testcase classname="backend.tests.backend_test.TestParent" name="test_parent_dashboard" time="0.110" /><testcase classname="backend.tests.backend_test.TestParent" name="test_parent_dashboard_forbidden_for_student" time="0.057" /></testsuite></testsuites>